<?xml version="1.0" encoding="UTF-8"?>
<testsuite xmlns:xsi="http://www.w3.org/2001/XMLSchema-instance" xsi:noNamespaceSchemaLocation="https://maven.apache.org/surefire/maven-surefire-plugin/xsd/surefire-test-report-3.0.xsd" version="3.0" name="no.hvl.dat110.unit.tests.TestFilePeers" time="27.227" tests="1" errors="0" skipped="0" failures="0">
  <properties>
[...]
</properties>
  <testcase name="test" classname="no.hvl.dat110.unit.tests.TestFilePeers" time="0.029">
    <system-out><![CDATA[2026-04-10 15:04:27 INFO  NodeServer:50 - process1 server is running... 
process1:9091
2026-04-10 15:04:27 INFO  ChordProtocols:107 - New ring created. Node = process1 | Successor = process1 | Predecessor = null
2026-04-10 15:04:29 INFO  NodeServer:50 - process2 server is running... 
process1:9091
2026-04-10 15:04:29 INFO  ChordProtocols:67 - JoinRing-randomNode = process1
2026-04-10 15:04:29 INFO  ChordProtocols:157 - Fixing the FingerTable for the Node: process2
2026-04-10 15:04:29 INFO  ChordLookup:105 - copy file keys that are <= process2 from successor process1 to process2
2026-04-10 15:04:29 INFO  ChordLookup:122 - Finished copying file keys from successor process1 to process2
2026-04-10 15:04:29 INFO  ChordProtocols:85 - process2 is between null | process1
2026-04-10 15:04:31 INFO  NodeServer:50 - process3 server is running... 
process1:9091
2026-04-10 15:04:31 INFO  ChordProtocols:67 - JoinRing-randomNode = process1
2026-04-10 15:04:31 INFO  ChordProtocols:157 - Fixing the FingerTable for the Node: process3
2026-04-10 15:04:31 INFO  ChordLookup:105 - copy file keys that are <= process3 from successor process1 to process3
2026-04-10 15:04:31 INFO  ChordLookup:122 - Finished copying file keys from successor process1 to process3
2026-04-10 15:04:31 INFO  ChordProtocols:85 - process3 is between null | process1
2026-04-10 15:04:32 INFO  StabilizationProtocols:130 - Updating the successor for Node: process1
2026-04-10 15:04:32 INFO  StabilizationProtocols:165 - Finished updating the successor for Node: process1
2026-04-10 15:04:32 INFO  StabilizationProtocols:84 - Stabilizing ring from process1...
2026-04-10 15:04:32 INFO  StabilizationProtocols:91 - Stabilize ring: succnode = process1
2026-04-10 15:04:32 INFO  StabilizationProtocols:113 - Finished stabilizing chordring from process1
2026-04-10 15:04:32 INFO  ChordProtocols:157 - Fixing the FingerTable for the Node: process1
2026-04-10 15:04:32 INFO  StabilizationProtocols:60 - Checking the predecessor for Node: process1
==================================
Node Identifier = 53937554629190552131995290006614509577
Node IP address = process1
successor(process1) = process1
predecessor(process1) = process2
Current File keys for process1 => []
==================================
2026-04-10 15:04:33 INFO  NodeServer:50 - process4 server is running... 
process1:9091
2026-04-10 15:04:33 INFO  ChordProtocols:67 - JoinRing-randomNode = process1
2026-04-10 15:04:33 INFO  ChordProtocols:157 - Fixing the FingerTable for the Node: process4
2026-04-10 15:04:33 INFO  ChordLookup:105 - copy file keys that are <= process4 from successor process1 to process4
2026-04-10 15:04:33 INFO  ChordLookup:122 - Finished copying file keys from successor process1 to process4
2026-04-10 15:04:33 INFO  ChordProtocols:85 - process4 is between null | process1
2026-04-10 15:04:34 INFO  StabilizationProtocols:130 - Updating the successor for Node: process1
2026-04-10 15:04:34 INFO  StabilizationProtocols:165 - Finished updating the successor for Node: process1
2026-04-10 15:04:34 INFO  StabilizationProtocols:84 - Stabilizing ring from process1...
2026-04-10 15:04:34 INFO  StabilizationProtocols:91 - Stabilize ring: succnode = process2
2026-04-10 15:04:34 INFO  StabilizationProtocols:113 - Finished stabilizing chordring from process1
2026-04-10 15:04:34 INFO  ChordProtocols:157 - Fixing the FingerTable for the Node: process1
2026-04-10 15:04:34 INFO  StabilizationProtocols:60 - Checking the predecessor for Node: process1
==================================
Node Identifier = 53937554629190552131995290006614509577
Node IP address = process1
successor(process1) = process2
predecessor(process1) = process2
Current File keys for process1 => []
==================================
2026-04-10 15:04:34 INFO  StabilizationProtocols:130 - Updating the successor for Node: process2
2026-04-10 15:04:34 INFO  StabilizationProtocols:84 - Stabilizing ring from process2...
2026-04-10 15:04:34 INFO  StabilizationProtocols:91 - Stabilize ring: succnode = process1
2026-04-10 15:04:34 INFO  StabilizationProtocols:113 - Finished stabilizing chordring from process2
2026-04-10 15:04:34 INFO  ChordProtocols:157 - Fixing the FingerTable for the Node: process2
2026-04-10 15:04:34 INFO  StabilizationProtocols:60 - Checking the predecessor for Node: process2
==================================
Node Identifier = 15618062003214643351512781541041391612
Node IP address = process2
successor(process2) = process1
predecessor(process2) = process2
Current File keys for process2 => []
==================================
2026-04-10 15:04:35 INFO  NodeServer:50 - process5 server is running... 
process1:9091
2026-04-10 15:04:35 INFO  ChordProtocols:67 - JoinRing-randomNode = process1
2026-04-10 15:04:35 INFO  ChordProtocols:157 - Fixing the FingerTable for the Node: process5
2026-04-10 15:04:35 INFO  ChordLookup:105 - copy file keys that are <= process5 from successor process2 to process5
2026-04-10 15:04:35 INFO  ChordLookup:122 - Finished copying file keys from successor process2 to process5
2026-04-10 15:04:35 INFO  ChordProtocols:85 - process5 is between null | process2
2026-04-10 15:04:36 INFO  StabilizationProtocols:130 - Updating the successor for Node: process1
2026-04-10 15:04:36 INFO  StabilizationProtocols:165 - Finished updating the successor for Node: process1
2026-04-10 15:04:36 INFO  StabilizationProtocols:84 - Stabilizing ring from process1...
2026-04-10 15:04:36 INFO  StabilizationProtocols:91 - Stabilize ring: succnode = process5
2026-04-10 15:04:36 INFO  StabilizationProtocols:113 - Finished stabilizing chordring from process1
2026-04-10 15:04:36 INFO  ChordProtocols:157 - Fixing the FingerTable for the Node: process1
2026-04-10 15:04:36 INFO  StabilizationProtocols:60 - Checking the predecessor for Node: process1
==================================
Node Identifier = 53937554629190552131995290006614509577
Node IP address = process1
successor(process1) = process5
predecessor(process1) = process2
Current File keys for process1 => []
==================================
2026-04-10 15:04:36 INFO  StabilizationProtocols:130 - Updating the successor for Node: process2
2026-04-10 15:04:36 INFO  StabilizationProtocols:84 - Stabilizing ring from process2...
2026-04-10 15:04:36 INFO  StabilizationProtocols:91 - Stabilize ring: succnode = process1
2026-04-10 15:04:36 INFO  StabilizationProtocols:113 - Finished stabilizing chordring from process2
2026-04-10 15:04:36 INFO  ChordProtocols:157 - Fixing the FingerTable for the Node: process2
2026-04-10 15:04:36 INFO  StabilizationProtocols:60 - Checking the predecessor for Node: process2
==================================
Node Identifier = 15618062003214643351512781541041391612
Node IP address = process2
successor(process2) = process1
predecessor(process2) = process5
Current File keys for process2 => []
==================================
2026-04-10 15:04:36 INFO  StabilizationProtocols:130 - Updating the successor for Node: process3
2026-04-10 15:04:36 INFO  StabilizationProtocols:165 - Finished updating the successor for Node: process3
2026-04-10 15:04:36 INFO  StabilizationProtocols:84 - Stabilizing ring from process3...
2026-04-10 15:04:36 INFO  StabilizationProtocols:91 - Stabilize ring: succnode = process2
2026-04-10 15:04:36 INFO  ChordLookup:105 - copy file keys that are <= process3 from successor process2 to process3
2026-04-10 15:04:36 INFO  ChordLookup:122 - Finished copying file keys from successor process2 to process3
2026-04-10 15:04:36 INFO  StabilizationProtocols:113 - Finished stabilizing chordring from process3
2026-04-10 15:04:36 INFO  ChordProtocols:157 - Fixing the FingerTable for the Node: process3
2026-04-10 15:04:36 INFO  StabilizationProtocols:60 - Checking the predecessor for Node: process3
==================================
Node Identifier = 66910184482037901621933403444034052414
Node IP address = process3
successor(process3) = process5
predecessor(process3) = process3
Current File keys for process3 => []
==================================
2026-04-10 15:04:38 INFO  StabilizationProtocols:130 - Updating the successor for Node: process1
2026-04-10 15:04:38 INFO  StabilizationProtocols:165 - Finished updating the successor for Node: process1
2026-04-10 15:04:38 INFO  StabilizationProtocols:84 - Stabilizing ring from process1...
2026-04-10 15:04:38 INFO  StabilizationProtocols:91 - Stabilize ring: succnode = process3
2026-04-10 15:04:38 INFO  StabilizationProtocols:113 - Finished stabilizing chordring from process1
2026-04-10 15:04:38 INFO  ChordProtocols:157 - Fixing the FingerTable for the Node: process1
2026-04-10 15:04:38 INFO  StabilizationProtocols:60 - Checking the predecessor for Node: process1
==================================
Node Identifier = 53937554629190552131995290006614509577
Node IP address = process1
successor(process1) = process3
predecessor(process1) = process2
Current File keys for process1 => []
==================================
2026-04-10 15:04:38 INFO  StabilizationProtocols:130 - Updating the successor for Node: process2
2026-04-10 15:04:38 INFO  StabilizationProtocols:84 - Stabilizing ring from process2...
2026-04-10 15:04:38 INFO  StabilizationProtocols:91 - Stabilize ring: succnode = process1
2026-04-10 15:04:38 INFO  StabilizationProtocols:113 - Finished stabilizing chordring from process2
2026-04-10 15:04:38 INFO  ChordProtocols:157 - Fixing the FingerTable for the Node: process2
2026-04-10 15:04:38 INFO  StabilizationProtocols:60 - Checking the predecessor for Node: process2
==================================
Node Identifier = 15618062003214643351512781541041391612
Node IP address = process2
successor(process2) = process1
predecessor(process2) = process5
Current File keys for process2 => []
==================================
2026-04-10 15:04:38 INFO  StabilizationProtocols:130 - Updating the successor for Node: process3
2026-04-10 15:04:38 INFO  StabilizationProtocols:84 - Stabilizing ring from process3...
2026-04-10 15:04:38 INFO  StabilizationProtocols:91 - Stabilize ring: succnode = process5
2026-04-10 15:04:38 INFO  StabilizationProtocols:113 - Finished stabilizing chordring from process3
2026-04-10 15:04:38 INFO  ChordProtocols:157 - Fixing the FingerTable for the Node: process3
2026-04-10 15:04:38 INFO  StabilizationProtocols:60 - Checking the predecessor for Node: process3
==================================
Node Identifier = 66910184482037901621933403444034052414
Node IP address = process3
successor(process3) = process5
predecessor(process3) = process3
Current File keys for process3 => []
==================================
2026-04-10 15:04:38 INFO  StabilizationProtocols:130 - Updating the successor for Node: process4
2026-04-10 15:04:38 INFO  StabilizationProtocols:165 - Finished updating the successor for Node: process4
2026-04-10 15:04:38 INFO  StabilizationProtocols:84 - Stabilizing ring from process4...
2026-04-10 15:04:38 INFO  StabilizationProtocols:91 - Stabilize ring: succnode = process2
2026-04-10 15:04:38 INFO  StabilizationProtocols:113 - Finished stabilizing chordring from process4
2026-04-10 15:04:38 INFO  ChordProtocols:157 - Fixing the FingerTable for the Node: process4
2026-04-10 15:04:38 INFO  StabilizationProtocols:60 - Checking the predecessor for Node: process4
==================================
Node Identifier = 210821560651360572675896360671414673172
Node IP address = process4
successor(process4) = process2
predecessor(process4) = process4
Current File keys for process4 => []
==================================
2026-04-10 15:04:40 INFO  StabilizationProtocols:130 - Updating the successor for Node: process1
2026-04-10 15:04:40 INFO  StabilizationProtocols:165 - Finished updating the successor for Node: process1
2026-04-10 15:04:40 INFO  StabilizationProtocols:84 - Stabilizing ring from process1...
2026-04-10 15:04:40 INFO  StabilizationProtocols:91 - Stabilize ring: succnode = process3
2026-04-10 15:04:40 INFO  StabilizationProtocols:113 - Finished stabilizing chordring from process1
2026-04-10 15:04:40 INFO  ChordProtocols:157 - Fixing the FingerTable for the Node: process1
2026-04-10 15:04:40 INFO  StabilizationProtocols:60 - Checking the predecessor for Node: process1
==================================
Node Identifier = 53937554629190552131995290006614509577
Node IP address = process1
successor(process1) = process3
predecessor(process1) = process2
Current File keys for process1 => []
==================================
2026-04-10 15:04:40 INFO  StabilizationProtocols:130 - Updating the successor for Node: process2
2026-04-10 15:04:40 INFO  StabilizationProtocols:84 - Stabilizing ring from process2...
2026-04-10 15:04:40 INFO  StabilizationProtocols:91 - Stabilize ring: succnode = process1
2026-04-10 15:04:40 INFO  StabilizationProtocols:113 - Finished stabilizing chordring from process2
2026-04-10 15:04:40 INFO  ChordProtocols:157 - Fixing the FingerTable for the Node: process2
2026-04-10 15:04:40 INFO  StabilizationProtocols:60 - Checking the predecessor for Node: process2
==================================
Node Identifier = 15618062003214643351512781541041391612
Node IP address = process2
successor(process2) = process1
predecessor(process2) = process5
Current File keys for process2 => []
==================================
2026-04-10 15:04:40 INFO  StabilizationProtocols:130 - Updating the successor for Node: process3
2026-04-10 15:04:40 INFO  StabilizationProtocols:84 - Stabilizing ring from process3...
2026-04-10 15:04:40 INFO  StabilizationProtocols:91 - Stabilize ring: succnode = process5
2026-04-10 15:04:40 INFO  StabilizationProtocols:113 - Finished stabilizing chordring from process3
2026-04-10 15:04:40 INFO  ChordProtocols:157 - Fixing the FingerTable for the Node: process3
2026-04-10 15:04:40 INFO  StabilizationProtocols:60 - Checking the predecessor for Node: process3
==================================
Node Identifier = 66910184482037901621933403444034052414
Node IP address = process3
successor(process3) = process5
predecessor(process3) = process1
Current File keys for process3 => []
==================================
2026-04-10 15:04:40 INFO  StabilizationProtocols:130 - Updating the successor for Node: process4
2026-04-10 15:04:40 INFO  StabilizationProtocols:165 - Finished updating the successor for Node: process4
2026-04-10 15:04:40 INFO  StabilizationProtocols:84 - Stabilizing ring from process4...
2026-04-10 15:04:40 INFO  StabilizationProtocols:91 - Stabilize ring: succnode = process5
2026-04-10 15:04:40 INFO  ChordLookup:105 - copy file keys that are <= process4 from successor process5 to process4
2026-04-10 15:04:40 INFO  ChordLookup:122 - Finished copying file keys from successor process5 to process4
2026-04-10 15:04:40 INFO  StabilizationProtocols:113 - Finished stabilizing chordring from process4
2026-04-10 15:04:40 INFO  ChordProtocols:157 - Fixing the FingerTable for the Node: process4
2026-04-10 15:04:40 INFO  StabilizationProtocols:60 - Checking the predecessor for Node: process4
==================================
Node Identifier = 210821560651360572675896360671414673172
Node IP address = process4
successor(process4) = process3
predecessor(process4) = process4
Current File keys for process4 => []
==================================
2026-04-10 15:04:40 INFO  StabilizationProtocols:130 - Updating the successor for Node: process5
2026-04-10 15:04:40 INFO  StabilizationProtocols:84 - Stabilizing ring from process5...
2026-04-10 15:04:40 INFO  StabilizationProtocols:91 - Stabilize ring: succnode = process2
2026-04-10 15:04:40 INFO  StabilizationProtocols:113 - Finished stabilizing chordring from process5
2026-04-10 15:04:40 INFO  ChordProtocols:157 - Fixing the FingerTable for the Node: process5
2026-04-10 15:04:40 INFO  StabilizationProtocols:60 - Checking the predecessor for Node: process5
==================================
Node Identifier = 121411138451101288395601026024677976156
Node IP address = process5
successor(process5) = process2
predecessor(process5) = process3
Current File keys for process5 => []
==================================
2026-04-10 15:04:42 INFO  StabilizationProtocols:130 - Updating the successor for Node: process1
2026-04-10 15:04:42 INFO  StabilizationProtocols:84 - Stabilizing ring from process1...
2026-04-10 15:04:42 INFO  StabilizationProtocols:91 - Stabilize ring: succnode = process3
2026-04-10 15:04:42 INFO  StabilizationProtocols:113 - Finished stabilizing chordring from process1
2026-04-10 15:04:42 INFO  ChordProtocols:157 - Fixing the FingerTable for the Node: process1
2026-04-10 15:04:42 INFO  StabilizationProtocols:60 - Checking the predecessor for Node: process1
==================================
Node Identifier = 53937554629190552131995290006614509577
Node IP address = process1
successor(process1) = process3
predecessor(process1) = process2
Current File keys for process1 => []
==================================
2026-04-10 15:04:42 INFO  StabilizationProtocols:130 - Updating the successor for Node: process2
2026-04-10 15:04:42 INFO  StabilizationProtocols:84 - Stabilizing ring from process2...
2026-04-10 15:04:42 INFO  StabilizationProtocols:91 - Stabilize ring: succnode = process1
2026-04-10 15:04:42 INFO  StabilizationProtocols:113 - Finished stabilizing chordring from process2
2026-04-10 15:04:42 INFO  ChordProtocols:157 - Fixing the FingerTable for the Node: process2
2026-04-10 15:04:42 INFO  StabilizationProtocols:60 - Checking the predecessor for Node: process2
==================================
Node Identifier = 15618062003214643351512781541041391612
Node IP address = process2
successor(process2) = process1
predecessor(process2) = process5
Current File keys for process2 => []
==================================
2026-04-10 15:04:42 INFO  StabilizationProtocols:130 - Updating the successor for Node: process3
2026-04-10 15:04:42 INFO  StabilizationProtocols:84 - Stabilizing ring from process3...
2026-04-10 15:04:42 INFO  StabilizationProtocols:91 - Stabilize ring: succnode = process5
2026-04-10 15:04:42 INFO  StabilizationProtocols:113 - Finished stabilizing chordring from process3
2026-04-10 15:04:42 INFO  ChordProtocols:157 - Fixing the FingerTable for the Node: process3
2026-04-10 15:04:42 INFO  StabilizationProtocols:60 - Checking the predecessor for Node: process3
==================================
Node Identifier = 66910184482037901621933403444034052414
Node IP address = process3
successor(process3) = process5
predecessor(process3) = process1
Current File keys for process3 => []
==================================
2026-04-10 15:04:42 INFO  StabilizationProtocols:130 - Updating the successor for Node: process4
2026-04-10 15:04:42 INFO  StabilizationProtocols:165 - Finished updating the successor for Node: process4
2026-04-10 15:04:42 INFO  StabilizationProtocols:84 - Stabilizing ring from process4...
2026-04-10 15:04:42 INFO  StabilizationProtocols:91 - Stabilize ring: succnode = process1
2026-04-10 15:04:42 INFO  ChordLookup:105 - copy file keys that are <= process4 from successor process1 to process4
2026-04-10 15:04:42 INFO  ChordLookup:122 - Finished copying file keys from successor process1 to process4
2026-04-10 15:04:42 INFO  StabilizationProtocols:113 - Finished stabilizing chordring from process4
2026-04-10 15:04:42 INFO  ChordProtocols:157 - Fixing the FingerTable for the Node: process4
2026-04-10 15:04:42 INFO  StabilizationProtocols:60 - Checking the predecessor for Node: process4
==================================
Node Identifier = 210821560651360572675896360671414673172
Node IP address = process4
successor(process4) = process2
predecessor(process4) = process4
Current File keys for process4 => []
==================================
2026-04-10 15:04:42 INFO  StabilizationProtocols:130 - Updating the successor for Node: process5
2026-04-10 15:04:42 INFO  StabilizationProtocols:165 - Finished updating the successor for Node: process5
2026-04-10 15:04:42 INFO  StabilizationProtocols:84 - Stabilizing ring from process5...
2026-04-10 15:04:42 INFO  StabilizationProtocols:91 - Stabilize ring: succnode = process4
2026-04-10 15:04:42 INFO  StabilizationProtocols:113 - Finished stabilizing chordring from process5
2026-04-10 15:04:42 INFO  ChordProtocols:157 - Fixing the FingerTable for the Node: process5
2026-04-10 15:04:42 INFO  StabilizationProtocols:60 - Checking the predecessor for Node: process5
==================================
Node Identifier = 121411138451101288395601026024677976156
Node IP address = process5
successor(process5) = process4
predecessor(process5) = process3
Current File keys for process5 => []
==================================
2026-04-10 15:04:44 INFO  StabilizationProtocols:130 - Updating the successor for Node: process1
2026-04-10 15:04:44 INFO  StabilizationProtocols:84 - Stabilizing ring from process1...
2026-04-10 15:04:44 INFO  StabilizationProtocols:91 - Stabilize ring: succnode = process3
2026-04-10 15:04:44 INFO  StabilizationProtocols:113 - Finished stabilizing chordring from process1
2026-04-10 15:04:44 INFO  ChordProtocols:157 - Fixing the FingerTable for the Node: process1
2026-04-10 15:04:44 INFO  StabilizationProtocols:60 - Checking the predecessor for Node: process1
==================================
Node Identifier = 53937554629190552131995290006614509577
Node IP address = process1
successor(process1) = process3
predecessor(process1) = process2
Current File keys for process1 => []
==================================
2026-04-10 15:04:44 INFO  StabilizationProtocols:130 - Updating the successor for Node: process2
2026-04-10 15:04:44 INFO  StabilizationProtocols:84 - Stabilizing ring from process2...
2026-04-10 15:04:44 INFO  StabilizationProtocols:91 - Stabilize ring: succnode = process1
2026-04-10 15:04:44 INFO  StabilizationProtocols:113 - Finished stabilizing chordring from process2
2026-04-10 15:04:44 INFO  ChordProtocols:157 - Fixing the FingerTable for the Node: process2
2026-04-10 15:04:44 INFO  StabilizationProtocols:60 - Checking the predecessor for Node: process2
==================================
Node Identifier = 15618062003214643351512781541041391612
Node IP address = process2
successor(process2) = process1
predecessor(process2) = process4
Current File keys for process2 => []
==================================
2026-04-10 15:04:44 INFO  StabilizationProtocols:130 - Updating the successor for Node: process3
2026-04-10 15:04:44 INFO  StabilizationProtocols:84 - Stabilizing ring from process3...
2026-04-10 15:04:44 INFO  StabilizationProtocols:91 - Stabilize ring: succnode = process5
2026-04-10 15:04:44 INFO  StabilizationProtocols:113 - Finished stabilizing chordring from process3
2026-04-10 15:04:44 INFO  ChordProtocols:157 - Fixing the FingerTable for the Node: process3
2026-04-10 15:04:44 INFO  StabilizationProtocols:60 - Checking the predecessor for Node: process3
==================================
Node Identifier = 66910184482037901621933403444034052414
Node IP address = process3
successor(process3) = process5
predecessor(process3) = process1
Current File keys for process3 => []
==================================
2026-04-10 15:04:44 INFO  StabilizationProtocols:130 - Updating the successor for Node: process4
2026-04-10 15:04:44 INFO  StabilizationProtocols:84 - Stabilizing ring from process4...
2026-04-10 15:04:44 INFO  StabilizationProtocols:91 - Stabilize ring: succnode = process2
2026-04-10 15:04:44 INFO  StabilizationProtocols:113 - Finished stabilizing chordring from process4
2026-04-10 15:04:44 INFO  ChordProtocols:157 - Fixing the FingerTable for the Node: process4
2026-04-10 15:04:44 INFO  StabilizationProtocols:60 - Checking the predecessor for Node: process4
==================================
Node Identifier = 210821560651360572675896360671414673172
Node IP address = process4
successor(process4) = process2
predecessor(process4) = process4
Current File keys for process4 => []
==================================
2026-04-10 15:04:44 INFO  StabilizationProtocols:130 - Updating the successor for Node: process5
2026-04-10 15:04:44 INFO  StabilizationProtocols:165 - Finished updating the successor for Node: process5
2026-04-10 15:04:44 INFO  StabilizationProtocols:84 - Stabilizing ring from process5...
2026-04-10 15:04:44 INFO  StabilizationProtocols:91 - Stabilize ring: succnode = process4
2026-04-10 15:04:44 INFO  StabilizationProtocols:113 - Finished stabilizing chordring from process5
2026-04-10 15:04:44 INFO  ChordProtocols:157 - Fixing the FingerTable for the Node: process5
2026-04-10 15:04:44 INFO  StabilizationProtocols:60 - Checking the predecessor for Node: process5
==================================
Node Identifier = 121411138451101288395601026024677976156
Node IP address = process5
successor(process5) = process4
predecessor(process5) = process3
Current File keys for process5 => []
==================================
2026-04-10 15:04:46 INFO  StabilizationProtocols:130 - Updating the successor for Node: process1
2026-04-10 15:04:46 INFO  StabilizationProtocols:84 - Stabilizing ring from process1...
2026-04-10 15:04:46 INFO  StabilizationProtocols:91 - Stabilize ring: succnode = process3
2026-04-10 15:04:46 INFO  StabilizationProtocols:113 - Finished stabilizing chordring from process1
2026-04-10 15:04:46 INFO  ChordProtocols:157 - Fixing the FingerTable for the Node: process1
2026-04-10 15:04:46 INFO  StabilizationProtocols:60 - Checking the predecessor for Node: process1
==================================
Node Identifier = 53937554629190552131995290006614509577
Node IP address = process1
successor(process1) = process3
predecessor(process1) = process2
Current File keys for process1 => []
==================================
2026-04-10 15:04:46 INFO  StabilizationProtocols:130 - Updating the successor for Node: process2
2026-04-10 15:04:46 INFO  StabilizationProtocols:84 - Stabilizing ring from process2...
2026-04-10 15:04:46 INFO  StabilizationProtocols:91 - Stabilize ring: succnode = process1
2026-04-10 15:04:46 INFO  StabilizationProtocols:113 - Finished stabilizing chordring from process2
2026-04-10 15:04:46 INFO  ChordProtocols:157 - Fixing the FingerTable for the Node: process2
2026-04-10 15:04:46 INFO  StabilizationProtocols:60 - Checking the predecessor for Node: process2
==================================
Node Identifier = 15618062003214643351512781541041391612
Node IP address = process2
successor(process2) = process1
predecessor(process2) = process4
Current File keys for process2 => []
==================================
2026-04-10 15:04:46 INFO  StabilizationProtocols:130 - Updating the successor for Node: process3
2026-04-10 15:04:46 INFO  StabilizationProtocols:84 - Stabilizing ring from process3...
2026-04-10 15:04:46 INFO  StabilizationProtocols:91 - Stabilize ring: succnode = process5
2026-04-10 15:04:46 INFO  StabilizationProtocols:113 - Finished stabilizing chordring from process3
2026-04-10 15:04:46 INFO  ChordProtocols:157 - Fixing the FingerTable for the Node: process3
2026-04-10 15:04:46 INFO  StabilizationProtocols:60 - Checking the predecessor for Node: process3
==================================
Node Identifier = 66910184482037901621933403444034052414
Node IP address = process3
successor(process3) = process5
predecessor(process3) = process1
Current File keys for process3 => []
==================================
2026-04-10 15:04:46 INFO  StabilizationProtocols:130 - Updating the successor for Node: process4
2026-04-10 15:04:46 INFO  StabilizationProtocols:84 - Stabilizing ring from process4...
2026-04-10 15:04:46 INFO  StabilizationProtocols:91 - Stabilize ring: succnode = process2
2026-04-10 15:04:46 INFO  StabilizationProtocols:113 - Finished stabilizing chordring from process4
2026-04-10 15:04:46 INFO  ChordProtocols:157 - Fixing the FingerTable for the Node: process4
2026-04-10 15:04:46 INFO  StabilizationProtocols:60 - Checking the predecessor for Node: process4
2026-04-10 15:04:46 INFO  StabilizationProtocols:130 - Updating the successor for Node: process5
==================================
Node Identifier = 210821560651360572675896360671414673172
Node IP address = process4
successor(process4) = process2
predecessor(process4) = process5
Current File keys for process4 => []
==================================
2026-04-10 15:04:46 INFO  StabilizationProtocols:84 - Stabilizing ring from process5...
2026-04-10 15:04:46 INFO  StabilizationProtocols:91 - Stabilize ring: succnode = process4
2026-04-10 15:04:46 INFO  StabilizationProtocols:113 - Finished stabilizing chordring from process5
2026-04-10 15:04:46 INFO  ChordProtocols:157 - Fixing the FingerTable for the Node: process5
2026-04-10 15:04:46 INFO  StabilizationProtocols:60 - Checking the predecessor for Node: process5
==================================
Node Identifier = 121411138451101288395601026024677976156
Node IP address = process5
successor(process5) = process4
predecessor(process5) = process3
Current File keys for process5 => []
==================================
2026-04-10 15:04:47 INFO  FileManager:194 - filename=file1 size=0.121
2026-04-10 15:04:47 INFO  FileManager:194 - filename=file2 size=0.115
2026-04-10 15:04:47 INFO  FileManager:194 - filename=file3 size=0.115
2026-04-10 15:04:47 INFO  FileManager:194 - filename=file4 size=0.116
2026-04-10 15:04:47 INFO  FileManager:194 - filename=file5 size=0.116
2026-04-10 15:04:48 INFO  StabilizationProtocols:130 - Updating the successor for Node: process1
2026-04-10 15:04:48 INFO  StabilizationProtocols:84 - Stabilizing ring from process1...
2026-04-10 15:04:48 INFO  StabilizationProtocols:91 - Stabilize ring: succnode = process3
2026-04-10 15:04:48 INFO  StabilizationProtocols:113 - Finished stabilizing chordring from process1
2026-04-10 15:04:48 INFO  ChordProtocols:157 - Fixing the FingerTable for the Node: process1
2026-04-10 15:04:48 INFO  StabilizationProtocols:60 - Checking the predecessor for Node: process1
==================================
Node Identifier = 53937554629190552131995290006614509577
Node IP address = process1
successor(process1) = process3
predecessor(process1) = process2
Current File keys for process1 => [29249986233499374510233936914584139597, 22851974182570490653634187770374799407]
==================================
2026-04-10 15:04:48 INFO  StabilizationProtocols:130 - Updating the successor for Node: process2
2026-04-10 15:04:48 INFO  StabilizationProtocols:84 - Stabilizing ring from process2...
2026-04-10 15:04:48 INFO  StabilizationProtocols:91 - Stabilize ring: succnode = process1
2026-04-10 15:04:48 INFO  StabilizationProtocols:113 - Finished stabilizing chordring from process2
2026-04-10 15:04:48 INFO  ChordProtocols:157 - Fixing the FingerTable for the Node: process2
2026-04-10 15:04:48 INFO  StabilizationProtocols:60 - Checking the predecessor for Node: process2
==================================
Node Identifier = 15618062003214643351512781541041391612
Node IP address = process2
successor(process2) = process1
predecessor(process2) = process4
Current File keys for process2 => [13988058880685873568223126745537177142, 263856675938514540210526796966916740559, 240788495190661943955842370400050808545, 305513342937436802305366564249075562188, 8256520967608282605234844990226290265, 239639416547729385993578111985362970770, 214974501590503159329658682485012382526]
==================================
2026-04-10 15:04:48 INFO  StabilizationProtocols:130 - Updating the successor for Node: process3
2026-04-10 15:04:48 INFO  StabilizationProtocols:84 - Stabilizing ring from process3...
2026-04-10 15:04:48 INFO  StabilizationProtocols:91 - Stabilize ring: succnode = process5
2026-04-10 15:04:48 INFO  StabilizationProtocols:113 - Finished stabilizing chordring from process3
2026-04-10 15:04:48 INFO  ChordProtocols:157 - Fixing the FingerTable for the Node: process3
2026-04-10 15:04:48 INFO  StabilizationProtocols:60 - Checking the predecessor for Node: process3
==================================
Node Identifier = 66910184482037901621933403444034052414
Node IP address = process3
successor(process3) = process5
predecessor(process3) = process1
Current File keys for process3 => [66481538825926898419352978747807121875]
==================================
2026-04-10 15:04:48 INFO  StabilizationProtocols:130 - Updating the successor for Node: process4
2026-04-10 15:04:48 INFO  StabilizationProtocols:84 - Stabilizing ring from process4...
2026-04-10 15:04:48 INFO  StabilizationProtocols:91 - Stabilize ring: succnode = process2
2026-04-10 15:04:48 INFO  StabilizationProtocols:113 - Finished stabilizing chordring from process4
2026-04-10 15:04:48 INFO  ChordProtocols:157 - Fixing the FingerTable for the Node: process4
2026-04-10 15:04:48 INFO  StabilizationProtocols:60 - Checking the predecessor for Node: process4
==================================
Node Identifier = 210821560651360572675896360671414673172
Node IP address = process4
successor(process4) = process2
predecessor(process4) = process5
Current File keys for process4 => [179241403734895214076219526399432130488, 140065589670395970233963560630295105848, 127615430233524719490345743798572761786, 191558309544647931649133602766041063646, 136541484142652779330200457892076216958, 149037318589456997023767356092491379363]
==================================
2026-04-10 15:04:48 INFO  StabilizationProtocols:130 - Updating the successor for Node: process5
2026-04-10 15:04:48 INFO  StabilizationProtocols:84 - Stabilizing ring from process5...
2026-04-10 15:04:48 INFO  StabilizationProtocols:91 - Stabilize ring: succnode = process4
2026-04-10 15:04:48 INFO  StabilizationProtocols:113 - Finished stabilizing chordring from process5
2026-04-10 15:04:48 INFO  ChordProtocols:157 - Fixing the FingerTable for the Node: process5
2026-04-10 15:04:48 INFO  StabilizationProtocols:60 - Checking the predecessor for Node: process5
==================================
Node Identifier = 121411138451101288395601026024677976156
Node IP address = process5
successor(process5) = process4
predecessor(process5) = process3
Current File keys for process5 => [83550242532527638904138483233262313637, 73806995735690189889297542544385123161, 83789482216496502817864659214345176161, 93727835460693461258854490021087346760]
==================================
2026-04-10 15:04:50 INFO  StabilizationProtocols:130 - Updating the successor for Node: process1
2026-04-10 15:04:50 INFO  StabilizationProtocols:84 - Stabilizing ring from process1...
2026-04-10 15:04:50 INFO  StabilizationProtocols:91 - Stabilize ring: succnode = process3
2026-04-10 15:04:50 INFO  StabilizationProtocols:113 - Finished stabilizing chordring from process1
2026-04-10 15:04:50 INFO  ChordProtocols:157 - Fixing the FingerTable for the Node: process1
2026-04-10 15:04:50 INFO  StabilizationProtocols:60 - Checking the predecessor for Node: process1
==================================
Node Identifier = 53937554629190552131995290006614509577
Node IP address = process1
successor(process1) = process3
predecessor(process1) = process2
Current File keys for process1 => [29249986233499374510233936914584139597, 22851974182570490653634187770374799407]
==================================
2026-04-10 15:04:50 INFO  StabilizationProtocols:130 - Updating the successor for Node: process2
2026-04-10 15:04:50 INFO  StabilizationProtocols:84 - Stabilizing ring from process2...
2026-04-10 15:04:50 INFO  StabilizationProtocols:91 - Stabilize ring: succnode = process1
2026-04-10 15:04:50 INFO  StabilizationProtocols:113 - Finished stabilizing chordring from process2
2026-04-10 15:04:50 INFO  ChordProtocols:157 - Fixing the FingerTable for the Node: process2
2026-04-10 15:04:50 INFO  StabilizationProtocols:60 - Checking the predecessor for Node: process2
==================================
Node Identifier = 15618062003214643351512781541041391612
Node IP address = process2
successor(process2) = process1
predecessor(process2) = process4
Current File keys for process2 => [13988058880685873568223126745537177142, 263856675938514540210526796966916740559, 240788495190661943955842370400050808545, 305513342937436802305366564249075562188, 8256520967608282605234844990226290265, 239639416547729385993578111985362970770, 214974501590503159329658682485012382526]
==================================
2026-04-10 15:04:50 INFO  StabilizationProtocols:130 - Updating the successor for Node: process3
2026-04-10 15:04:50 INFO  StabilizationProtocols:84 - Stabilizing ring from process3...
2026-04-10 15:04:50 INFO  StabilizationProtocols:91 - Stabilize ring: succnode = process5
2026-04-10 15:04:50 INFO  StabilizationProtocols:113 - Finished stabilizing chordring from process3
2026-04-10 15:04:50 INFO  ChordProtocols:157 - Fixing the FingerTable for the Node: process3
2026-04-10 15:04:50 INFO  StabilizationProtocols:60 - Checking the predecessor for Node: process3
==================================
Node Identifier = 66910184482037901621933403444034052414
Node IP address = process3
successor(process3) = process5
predecessor(process3) = process1
Current File keys for process3 => [66481538825926898419352978747807121875]
==================================
2026-04-10 15:04:50 INFO  StabilizationProtocols:130 - Updating the successor for Node: process4
2026-04-10 15:04:50 INFO  StabilizationProtocols:84 - Stabilizing ring from process4...
2026-04-10 15:04:50 INFO  StabilizationProtocols:91 - Stabilize ring: succnode = process2
2026-04-10 15:04:50 INFO  StabilizationProtocols:113 - Finished stabilizing chordring from process4
2026-04-10 15:04:50 INFO  ChordProtocols:157 - Fixing the FingerTable for the Node: process4
2026-04-10 15:04:50 INFO  StabilizationProtocols:60 - Checking the predecessor for Node: process4
==================================
Node Identifier = 210821560651360572675896360671414673172
Node IP address = process4
successor(process4) = process2
predecessor(process4) = process5
Current File keys for process4 => [179241403734895214076219526399432130488, 140065589670395970233963560630295105848, 127615430233524719490345743798572761786, 191558309544647931649133602766041063646, 136541484142652779330200457892076216958, 149037318589456997023767356092491379363]
==================================
2026-04-10 15:04:50 INFO  StabilizationProtocols:130 - Updating the successor for Node: process5
2026-04-10 15:04:50 INFO  StabilizationProtocols:84 - Stabilizing ring from process5...
2026-04-10 15:04:50 INFO  StabilizationProtocols:91 - Stabilize ring: succnode = process4
2026-04-10 15:04:50 INFO  StabilizationProtocols:113 - Finished stabilizing chordring from process5
2026-04-10 15:04:50 INFO  ChordProtocols:157 - Fixing the FingerTable for the Node: process5
2026-04-10 15:04:50 INFO  StabilizationProtocols:60 - Checking the predecessor for Node: process5
==================================
Node Identifier = 121411138451101288395601026024677976156
Node IP address = process5
successor(process5) = process4
predecessor(process5) = process3
Current File keys for process5 => [83550242532527638904138483233262313637, 73806995735690189889297542544385123161, 83789482216496502817864659214345176161, 93727835460693461258854490021087346760]
==================================
2026-04-10 15:04:52 INFO  StabilizationProtocols:130 - Updating the successor for Node: process1
2026-04-10 15:04:52 INFO  StabilizationProtocols:84 - Stabilizing ring from process1...
2026-04-10 15:04:52 INFO  StabilizationProtocols:91 - Stabilize ring: succnode = process3
2026-04-10 15:04:52 INFO  StabilizationProtocols:113 - Finished stabilizing chordring from process1
2026-04-10 15:04:52 INFO  ChordProtocols:157 - Fixing the FingerTable for the Node: process1
2026-04-10 15:04:52 INFO  StabilizationProtocols:60 - Checking the predecessor for Node: process1
==================================
Node Identifier = 53937554629190552131995290006614509577
Node IP address = process1
successor(process1) = process3
predecessor(process1) = process2
Current File keys for process1 => [29249986233499374510233936914584139597, 22851974182570490653634187770374799407]
==================================
2026-04-10 15:04:52 INFO  StabilizationProtocols:130 - Updating the successor for Node: process2
2026-04-10 15:04:52 INFO  StabilizationProtocols:84 - Stabilizing ring from process2...
2026-04-10 15:04:52 INFO  StabilizationProtocols:91 - Stabilize ring: succnode = process1
2026-04-10 15:04:52 INFO  StabilizationProtocols:113 - Finished stabilizing chordring from process2
2026-04-10 15:04:52 INFO  ChordProtocols:157 - Fixing the FingerTable for the Node: process2
2026-04-10 15:04:52 INFO  StabilizationProtocols:60 - Checking the predecessor for Node: process2
==================================
Node Identifier = 15618062003214643351512781541041391612
Node IP address = process2
successor(process2) = process1
predecessor(process2) = process4
Current File keys for process2 => [13988058880685873568223126745537177142, 263856675938514540210526796966916740559, 240788495190661943955842370400050808545, 305513342937436802305366564249075562188, 8256520967608282605234844990226290265, 239639416547729385993578111985362970770, 214974501590503159329658682485012382526]
==================================
2026-04-10 15:04:52 INFO  StabilizationProtocols:130 - Updating the successor for Node: process3
2026-04-10 15:04:52 INFO  StabilizationProtocols:84 - Stabilizing ring from process3...
2026-04-10 15:04:52 INFO  StabilizationProtocols:91 - Stabilize ring: succnode = process5
2026-04-10 15:04:52 INFO  StabilizationProtocols:113 - Finished stabilizing chordring from process3
2026-04-10 15:04:52 INFO  ChordProtocols:157 - Fixing the FingerTable for the Node: process3
2026-04-10 15:04:52 INFO  StabilizationProtocols:60 - Checking the predecessor for Node: process3
==================================
Node Identifier = 66910184482037901621933403444034052414
Node IP address = process3
successor(process3) = process5
predecessor(process3) = process1
Current File keys for process3 => [66481538825926898419352978747807121875]
==================================
2026-04-10 15:04:52 INFO  StabilizationProtocols:130 - Updating the successor for Node: process4
2026-04-10 15:04:52 INFO  StabilizationProtocols:84 - Stabilizing ring from process4...
2026-04-10 15:04:52 INFO  StabilizationProtocols:91 - Stabilize ring: succnode = process2
2026-04-10 15:04:52 INFO  StabilizationProtocols:113 - Finished stabilizing chordring from process4
2026-04-10 15:04:52 INFO  ChordProtocols:157 - Fixing the FingerTable for the Node: process4
2026-04-10 15:04:52 INFO  StabilizationProtocols:60 - Checking the predecessor for Node: process4
==================================
Node Identifier = 210821560651360572675896360671414673172
Node IP address = process4
successor(process4) = process2
predecessor(process4) = process5
Current File keys for process4 => [179241403734895214076219526399432130488, 140065589670395970233963560630295105848, 127615430233524719490345743798572761786, 191558309544647931649133602766041063646, 136541484142652779330200457892076216958, 149037318589456997023767356092491379363]
==================================
2026-04-10 15:04:52 INFO  StabilizationProtocols:130 - Updating the successor for Node: process5
2026-04-10 15:04:52 INFO  StabilizationProtocols:84 - Stabilizing ring from process5...
2026-04-10 15:04:52 INFO  StabilizationProtocols:91 - Stabilize ring: succnode = process4
2026-04-10 15:04:52 INFO  StabilizationProtocols:113 - Finished stabilizing chordring from process5
2026-04-10 15:04:52 INFO  ChordProtocols:157 - Fixing the FingerTable for the Node: process5
2026-04-10 15:04:52 INFO  StabilizationProtocols:60 - Checking the predecessor for Node: process5
==================================
Node Identifier = 121411138451101288395601026024677976156
Node IP address = process5
successor(process5) = process4
predecessor(process5) = process3
Current File keys for process5 => [83550242532527638904138483233262313637, 73806995735690189889297542544385123161, 83789482216496502817864659214345176161, 93727835460693461258854490021087346760]
==================================
]]></system-out>
  </testcase>
</testsuite>